RUN	computerdatabase.WebPos	webpos	1649931262934	multi-cache	3.7.6
USER	Simple	START	1649931264941
USER	Simple	START	1649931264941
USER	Simple	START	1649931264941
USER	Simple	START	1649931264941
USER	Simple	START	1649931264941
USER	Simple	START	1649931264941
USER	Simple	START	1649931264941
USER	Simple	START	1649931264940
USER	Simple	START	1649931264941
USER	Simple	START	1649931264940
USER	Simple	START	1649931264940
USER	Simple	START	1649931264941
REQUEST		root_request	1649931265061	1649931274605	OK	 
REQUEST		root_request	1649931265064	1649931274605	OK	 
REQUEST		root_request	1649931265061	1649931274694	OK	 
REQUEST		root_request	1649931265062	1649931274790	OK	 
REQUEST		root_request	1649931265061	1649931274790	OK	 
REQUEST		root_request	1649931265061	1649931274795	OK	 
REQUEST		root_request	1649931265061	1649931275290	OK	 
REQUEST		root_request	1649931265061	1649931275289	OK	 
REQUEST		root_request	1649931265061	1649931275293	OK	 
REQUEST		root_request	1649931265061	1649931275701	OK	 
REQUEST		root_request	1649931265061	1649931275787	OK	 
REQUEST		root_request	1649931265061	1649931275788	OK	 
REQUEST		add_request	1649931275643	1649931276293	OK	 
REQUEST		add_request	1649931275643	1649931276391	OK	 
REQUEST		add_request	1649931275703	1649931276411	OK	 
REQUEST		add_request	1649931275811	1649931276488	OK	 
REQUEST		add_request	1649931275796	1649931276488	OK	 
REQUEST		add_request	1649931275796	1649931276601	OK	 
REQUEST		add_request	1649931276307	1649931276695	OK	 
REQUEST		add_request	1649931276292	1649931276887	OK	 
REQUEST		add_request	1649931276711	1649931276981	OK	 
REQUEST		add_request	1649931276292	1649931276984	OK	 
REQUEST		add_request	1649931276803	1649931277387	OK	 
REQUEST		add_request	1649931276803	1649931277389	OK	 
REQUEST		add_request	1649931277305	1649931277394	OK	 
REQUEST		add_request	1649931277414	1649931277689	OK	 
REQUEST		add_request	1649931277399	1649931277790	OK	 
REQUEST		add_request	1649931277492	1649931277790	OK	 
REQUEST		add_request	1649931277708	1649931277885	OK	 
REQUEST		add_request	1649931277492	1649931277890	OK	 
REQUEST		add_request	1649931277614	1649931278088	OK	 
REQUEST		add_request	1649931277894	1649931278281	OK	 
REQUEST		add_request	1649931277989	1649931278281	OK	 
REQUEST		add_request	1649931277988	1649931278288	OK	 
REQUEST		add_request	1649931278407	1649931278485	OK	 
USER	Simple	END	1649931278492
REQUEST		add_request	1649931278391	1649931278591	OK	 
REQUEST		add_request	1649931278391	1649931278681	OK	 
REQUEST		add_request	1649931278704	1649931278786	OK	 
USER	Simple	END	1649931278787
REQUEST		add_request	1649931278795	1649931278992	OK	 
USER	Simple	END	1649931278993
REQUEST		add_request	1649931278902	1649931279023	OK	 
REQUEST		add_request	1649931278795	1649931279023	OK	 
USER	Simple	END	1649931279024
USER	Simple	END	1649931279024
REQUEST		add_request	1649931278902	1649931279285	OK	 
USER	Simple	END	1649931279286
REQUEST		add_request	1649931279102	1649931279392	OK	 
USER	Simple	END	1649931279393
REQUEST		add_request	1649931279289	1649931279494	OK	 
USER	Simple	END	1649931279495
REQUEST		add_request	1649931279288	1649931279591	OK	 
USER	Simple	END	1649931279592
REQUEST		add_request	1649931279303	1649931279598	OK	 
USER	Simple	END	1649931279599
REQUEST		add_request	1649931279602	1649931279884	OK	 
USER	Simple	END	1649931279885
REQUEST		add_request	1649931279695	1649931279889	OK	 
USER	Simple	END	1649931279890
