RUN	computerdatabase.WebPos	webpos	1649929929287	single	3.7.6
USER	Simple	START	1649929930771
USER	Simple	START	1649929930771
USER	Simple	START	1649929930771
USER	Simple	START	1649929930771
USER	Simple	START	1649929930771
USER	Simple	START	1649929930771
USER	Simple	START	1649929930771
USER	Simple	START	1649929930771
USER	Simple	START	1649929930771
USER	Simple	START	1649929930771
USER	Simple	START	1649929930771
USER	Simple	START	1649929930771
REQUEST		root_request	1649929930891	1649929936685	OK	 
REQUEST		root_request	1649929930891	1649929936685	OK	 
REQUEST		root_request	1649929930891	1649929936685	OK	 
REQUEST		root_request	1649929930891	1649929936685	OK	 
REQUEST		root_request	1649929930891	1649929936783	OK	 
REQUEST		root_request	1649929930891	1649929936783	OK	 
REQUEST		root_request	1649929930891	1649929936784	OK	 
REQUEST		root_request	1649929930891	1649929936786	OK	 
REQUEST		root_request	1649929930891	1649929936785	OK	 
REQUEST		root_request	1649929930891	1649929936787	OK	 
REQUEST		root_request	1649929930895	1649929936788	OK	 
REQUEST		root_request	1649929930891	1649929936787	OK	 
REQUEST		add_request	1649929937796	1649929938787	OK	 
REQUEST		add_request	1649929937757	1649929938883	OK	 
REQUEST		add_request	1649929937796	1649929938898	OK	 
REQUEST		add_request	1649929937796	1649929939097	OK	 
REQUEST		add_request	1649929937757	1649929939097	OK	 
REQUEST		add_request	1649929937757	1649929939099	OK	 
REQUEST		add_request	1649929937796	1649929939099	OK	 
REQUEST		add_request	1649929937757	1649929939181	OK	 
REQUEST		add_request	1649929937797	1649929939283	OK	 
REQUEST		add_request	1649929937796	1649929939290	OK	 
REQUEST		add_request	1649929937796	1649929939291	OK	 
REQUEST		add_request	1649929937796	1649929939388	OK	 
REQUEST		add_request	1649929939794	1649929939895	OK	 
REQUEST		add_request	1649929939903	1649929940097	OK	 
REQUEST		add_request	1649929939903	1649929940189	OK	 
REQUEST		add_request	1649929940104	1649929940598	OK	 
REQUEST		add_request	1649929940104	1649929940603	OK	 
REQUEST		add_request	1649929940104	1649929940692	OK	 
REQUEST		add_request	1649929940104	1649929940791	OK	 
REQUEST		add_request	1649929940197	1649929940890	OK	 
REQUEST		add_request	1649929940293	1649929941083	OK	 
REQUEST		add_request	1649929940306	1649929941085	OK	 
REQUEST		add_request	1649929940401	1649929941089	OK	 
REQUEST		add_request	1649929940306	1649929941191	OK	 
REQUEST		add_request	1649929940911	1649929941198	OK	 
USER	Simple	END	1649929941201
REQUEST		add_request	1649929941098	1649929941494	OK	 
USER	Simple	END	1649929941496
REQUEST		add_request	1649929941205	1649929941591	OK	 
USER	Simple	END	1649929941593
REQUEST		add_request	1649929941608	1649929941786	OK	 
USER	Simple	END	1649929941787
REQUEST		add_request	1649929941608	1649929941883	OK	 
USER	Simple	END	1649929941884
REQUEST		add_request	1649929941701	1649929941984	OK	 
USER	Simple	END	1649929941985
REQUEST		add_request	1649929941902	1649929942087	OK	 
USER	Simple	END	1649929942088
REQUEST		add_request	1649929941795	1649929942184	OK	 
USER	Simple	END	1649929942188
REQUEST		add_request	1649929942105	1649929942382	OK	 
USER	Simple	END	1649929942383
REQUEST		add_request	1649929942091	1649929942388	OK	 
USER	Simple	END	1649929942390
REQUEST		add_request	1649929942200	1649929942581	OK	 
USER	Simple	END	1649929942582
REQUEST		add_request	1649929942091	1649929942590	OK	 
USER	Simple	END	1649929942591
