RUN	computerdatabase.WebPos	webpos	1649931952618	multi-session	3.7.6
USER	Simple	START	1649931954042
USER	Simple	START	1649931954042
USER	Simple	START	1649931954042
USER	Simple	START	1649931954041
USER	Simple	START	1649931954044
USER	Simple	START	1649931954042
USER	Simple	START	1649931954041
USER	Simple	START	1649931954041
USER	Simple	START	1649931954042
USER	Simple	START	1649931954041
USER	Simple	START	1649931954042
USER	Simple	START	1649931954042
REQUEST		root_request	1649931954145	1649931962189	OK	 
REQUEST		root_request	1649931954145	1649931962189	OK	 
REQUEST		root_request	1649931954145	1649931962189	OK	 
REQUEST		root_request	1649931954145	1649931962290	OK	 
REQUEST		root_request	1649931954145	1649931962290	OK	 
REQUEST		root_request	1649931954145	1649931962300	OK	 
REQUEST		root_request	1649931954145	1649931962881	OK	 
REQUEST		root_request	1649931954145	1649931962890	OK	 
REQUEST		root_request	1649931954145	1649931962891	OK	 
REQUEST		root_request	1649931954145	1649931963389	OK	 
REQUEST		root_request	1649931954145	1649931963389	OK	 
REQUEST		root_request	1649931954145	1649931963389	OK	 
REQUEST		add_request	1649931963243	1649931963888	OK	 
REQUEST		add_request	1649931963243	1649931963890	OK	 
REQUEST		add_request	1649931963243	1649931963987	OK	 
REQUEST		add_request	1649931963300	1649931964092	OK	 
REQUEST		add_request	1649931963315	1649931964093	OK	 
REQUEST		add_request	1649931963300	1649931964093	OK	 
REQUEST		add_request	1649931963891	1649931964493	OK	 
REQUEST		add_request	1649931963891	1649931964494	OK	 
REQUEST		add_request	1649931963907	1649931964580	OK	 
REQUEST		add_request	1649931964405	1649931964881	OK	 
REQUEST		add_request	1649931964405	1649931964886	OK	 
REQUEST		add_request	1649931964405	1649931964985	OK	 
REQUEST		add_request	1649931964902	1649931965189	OK	 
REQUEST		add_request	1649931964902	1649931965388	OK	 
REQUEST		add_request	1649931965105	1649931965482	OK	 
REQUEST		add_request	1649931964995	1649931965489	OK	 
REQUEST		add_request	1649931965105	1649931965582	OK	 
REQUEST		add_request	1649931965105	1649931965583	OK	 
REQUEST		add_request	1649931965508	1649931965787	OK	 
REQUEST		add_request	1649931965508	1649931965882	OK	 
REQUEST		add_request	1649931965585	1649931965981	OK	 
REQUEST		add_request	1649931965882	1649931966082	OK	 
REQUEST		add_request	1649931965898	1649931966189	OK	 
REQUEST		add_request	1649931965991	1649931966296	OK	 
REQUEST		add_request	1649931966206	1649931966388	OK	 
USER	Simple	END	1649931966391
REQUEST		add_request	1649931966392	1649931966685	OK	 
USER	Simple	END	1649931966687
REQUEST		add_request	1649931966503	1649931966788	OK	 
USER	Simple	END	1649931966790
REQUEST		add_request	1649931966487	1649931966882	OK	 
USER	Simple	END	1649931966883
REQUEST		add_request	1649931966797	1649931966991	OK	 
USER	Simple	END	1649931966991
REQUEST		add_request	1649931966595	1649931966996	OK	 
USER	Simple	END	1649931966996
REQUEST		add_request	1649931966595	1649931967089	OK	 
USER	Simple	END	1649931967089
REQUEST		add_request	1649931967093	1649931967181	OK	 
USER	Simple	END	1649931967183
REQUEST		add_request	1649931966890	1649931967381	OK	 
USER	Simple	END	1649931967385
REQUEST		add_request	1649931966989	1649931967391	OK	 
USER	Simple	END	1649931967391
REQUEST		add_request	1649931967200	1649931967687	OK	 
USER	Simple	END	1649931967688
REQUEST		add_request	1649931967309	1649931967786	OK	 
USER	Simple	END	1649931967786
