RUN	computerdatabase.WebPos	webpos	1649930013528	multi	3.7.6
USER	Simple	START	1649930015043
USER	Simple	START	1649930015043
USER	Simple	START	1649930015043
USER	Simple	START	1649930015043
USER	Simple	START	1649930015043
USER	Simple	START	1649930015044
USER	Simple	START	1649930015043
USER	Simple	START	1649930015044
USER	Simple	START	1649930015043
USER	Simple	START	1649930015044
USER	Simple	START	1649930015044
USER	Simple	START	1649930015043
REQUEST		root_request	1649930015160	1649930021731	OK	 
REQUEST		root_request	1649930015160	1649930021796	OK	 
REQUEST		root_request	1649930015160	1649930021889	OK	 
REQUEST		root_request	1649930015160	1649930022096	OK	 
REQUEST		root_request	1649930015160	1649930022101	OK	 
REQUEST		root_request	1649930015160	1649930022188	OK	 
REQUEST		root_request	1649930015160	1649930022391	OK	 
REQUEST		root_request	1649930015160	1649930022391	OK	 
REQUEST		root_request	1649930015162	1649930022391	OK	 
REQUEST		root_request	1649930015160	1649930022892	OK	 
REQUEST		root_request	1649930015160	1649930022892	OK	 
REQUEST		root_request	1649930015160	1649930022892	OK	 
REQUEST		add_request	1649930022900	1649930023390	OK	 
REQUEST		add_request	1649930022804	1649930023398	OK	 
REQUEST		add_request	1649930022796	1649930023492	OK	 
REQUEST		add_request	1649930023117	1649930023691	OK	 
REQUEST		add_request	1649930023100	1649930023792	OK	 
REQUEST		add_request	1649930023193	1649930023792	OK	 
REQUEST		add_request	1649930023394	1649930024117	OK	 
REQUEST		add_request	1649930023394	1649930024115	OK	 
REQUEST		add_request	1649930023394	1649930024193	OK	 
REQUEST		add_request	1649930024402	1649930025036	OK	 
REQUEST		add_request	1649930023906	1649930025119	OK	 
REQUEST		add_request	1649930023906	1649930025119	OK	 
REQUEST		add_request	1649930024419	1649930025119	OK	 
REQUEST		add_request	1649930023906	1649930025122	OK	 
REQUEST		add_request	1649930024494	1649930025200	OK	 
REQUEST		add_request	1649930024699	1649930025293	OK	 
REQUEST		add_request	1649930024794	1649930025393	OK	 
REQUEST		add_request	1649930025135	1649930025399	OK	 
REQUEST		add_request	1649930024794	1649930025488	OK	 
REQUEST		add_request	1649930025123	1649930025488	OK	 
REQUEST		add_request	1649930025198	1649930025591	OK	 
REQUEST		add_request	1649930026050	1649930026097	OK	 
USER	Simple	END	1649930026099
REQUEST		add_request	1649930026127	1649930026392	OK	 
REQUEST		add_request	1649930026127	1649930026392	OK	 
REQUEST		add_request	1649930026127	1649930026393	OK	 
USER	Simple	END	1649930026393
REQUEST		add_request	1649930026295	1649930026410	OK	 
USER	Simple	END	1649930026411
REQUEST		add_request	1649930026127	1649930026490	OK	 
REQUEST		add_request	1649930026203	1649930026493	OK	 
USER	Simple	END	1649930026494
REQUEST		add_request	1649930026497	1649930026991	OK	 
USER	Simple	END	1649930026993
REQUEST		add_request	1649930026405	1649930026996	OK	 
USER	Simple	END	1649930027000
REQUEST		add_request	1649930026405	1649930027084	OK	 
USER	Simple	END	1649930027084
REQUEST		add_request	1649930026607	1649930027187	OK	 
USER	Simple	END	1649930027189
REQUEST		add_request	1649930026497	1649930027283	OK	 
USER	Simple	END	1649930027284
REQUEST		add_request	1649930027401	1649930027881	OK	 
USER	Simple	END	1649930027882
REQUEST		add_request	1649930027401	1649930027888	OK	 
USER	Simple	END	1649930027889
REQUEST		add_request	1649930027492	1649930027990	OK	 
USER	Simple	END	1649930027991
